#0 building with "rootless" instance using docker driver

#1 [db internal] load build definition from Dockerfile.mysql
#1 transferring dockerfile: 57B done
#1 DONE 0.0s

#2 [db internal] load metadata for docker.io/library/mysql:8.0
#2 DONE 0.4s

#3 [db internal] load .dockerignore
#3 transferring context: 2B done
#3 DONE 0.0s

#4 [db 1/1] FROM docker.io/library/mysql:8.0@sha256:aba83ec239df64820f61f0436b30c17922cf3cc183878ad4e479950bbedd448e
#4 CACHED

#5 [db] exporting to image
#5 exporting layers done
#5 writing image sha256:8cb0be5952ef829b6b578f51b8ef372b4757f5a8dfb4f1da7d77c261f55e1219 done
#5 naming to docker.io/library/desafio-fullstack-pleno-wernher-von-braun-prod-db done
#5 DONE 0.0s

#6 [spring_boot_app internal] load build definition from Dockerfile.spring
#6 transferring dockerfile: 1.00kB done
#6 DONE 0.0s

#7 [spring_boot_app internal] load metadata for docker.io/library/maven:3.8.5-openjdk-17
#7 DONE 0.7s

#8 [spring_boot_app internal] load metadata for docker.io/library/openjdk:17-jdk-slim
#8 DONE 0.7s

#9 [spring_boot_app internal] load .dockerignore
#9 transferring context: 2B done
#9 DONE 0.0s

#10 [spring_boot_app stage-1 1/2] FROM docker.io/library/openjdk:17-jdk-slim@sha256:aaa3b3cb27e3e520b8f116863d0580c438ed55ecfa0bc126b41f68c3f62f9774
#10 DONE 0.0s

#11 [spring_boot_app build 1/6] FROM docker.io/library/maven:3.8.5-openjdk-17@sha256:3a9c30b3af6278a8ae0007d3a3bf00fff80ec3ed7ae4eb9bfa1772853101549b
#11 DONE 0.0s

#12 [spring_boot_app internal] load build context
#12 transferring context: 98.47MB 0.7s done
#12 DONE 0.7s

#13 [spring_boot_app build 2/6] WORKDIR /usr/src/app
#13 CACHED

#14 [spring_boot_app build 3/6] COPY ./.m2 /root/.m2
#14 CACHED

#15 [spring_boot_app build 4/6] COPY ./iot-manager-api/pom.xml /usr/src/app/
#15 CACHED

#16 [spring_boot_app build 5/6] COPY ./iot-manager-api/src /usr/src/app/src
#16 CACHED

#17 [spring_boot_app build 6/6] RUN mvn clean package -DskipTests   &&   mkdir -p /app   &&   find /usr/src/app/target -type f -name "*.jar" -exec cp {} /app ;
#17 0.739 [INFO] Scanning for projects...
#17 0.880 [INFO] 
#17 0.880 [INFO] ---------------< com.marcos.iot-manager:iot-manager-api >---------------
#17 0.880 [INFO] Building iot-manager-api 0.0.1-SNAPSHOT
#17 0.880 [INFO] --------------------------------[ jar ]---------------------------------
#17 1.242 [INFO] 
#17 1.242 [INFO] --- maven-clean-plugin:3.3.2:clean (default-clean) @ iot-manager-api ---
#17 1.276 [INFO] 
#17 1.276 [INFO] --- maven-resources-plugin:3.3.1:resources (default-resources) @ iot-manager-api ---
#17 1.325 [INFO] Copying 1 resource from src/main/resources to target/classes
#17 1.336 [INFO] Copying 4 resources from src/main/resources to target/classes
#17 1.337 [INFO] 
#17 1.337 [INFO] --- maven-compiler-plugin:3.11.0:compile (default-compile) @ iot-manager-api ---
#17 1.390 [INFO] Changes detected - recompiling the module! :source
#17 1.392 [INFO] Compiling 11 source files with javac [debug release 17] to target/classes
#17 2.583 [INFO] 
#17 2.583 [INFO] --- maven-resources-plugin:3.3.1:testResources (default-testResources) @ iot-manager-api ---
#17 2.586 [INFO] skip non existing resourceDirectory /usr/src/app/src/test/resources
#17 2.586 [INFO] 
#17 2.586 [INFO] --- maven-compiler-plugin:3.11.0:testCompile (default-testCompile) @ iot-manager-api ---
#17 2.591 [INFO] Changes detected - recompiling the module! :dependency
#17 2.591 [INFO] Compiling 1 source file with javac [debug release 17] to target/test-classes
#17 2.900 [INFO] 
#17 2.900 [INFO] --- maven-surefire-plugin:3.1.2:test (default-test) @ iot-manager-api ---
#17 2.985 [INFO] Tests are skipped.
#17 2.985 [INFO] 
#17 2.985 [INFO] --- maven-jar-plugin:3.3.0:jar (default-jar) @ iot-manager-api ---
#17 3.066 [INFO] Building jar: /usr/src/app/target/iot-manager-api-0.0.1-SNAPSHOT.jar
#17 3.091 [INFO] 
#17 3.091 [INFO] --- spring-boot-maven-plugin:3.2.5:repackage (repackage) @ iot-manager-api ---
#17 3.332 [INFO] Replacing main artifact /usr/src/app/target/iot-manager-api-0.0.1-SNAPSHOT.jar with repackaged archive, adding nested dependencies in BOOT-INF/.
#17 3.333 [INFO] The original artifact has been renamed to /usr/src/app/target/iot-manager-api-0.0.1-SNAPSHOT.jar.original
#17 3.333 [INFO] ------------------------------------------------------------------------
#17 3.333 [INFO] BUILD SUCCESS
#17 3.334 [INFO] ------------------------------------------------------------------------
#17 3.335 [INFO] Total time:  2.609 s
#17 3.336 [INFO] Finished at: 2024-05-26T17:56:57Z
#17 3.336 [INFO] ------------------------------------------------------------------------
#17 DONE 3.6s

#10 [spring_boot_app stage-1 1/2] FROM docker.io/library/openjdk:17-jdk-slim@sha256:aaa3b3cb27e3e520b8f116863d0580c438ed55ecfa0bc126b41f68c3f62f9774
#10 CACHED

#18 [spring_boot_app stage-1 2/2] COPY --from=build /app/*.jar /usr/app/
#18 DONE 0.1s

#19 [spring_boot_app] exporting to image
#19 exporting layers
#19 exporting layers 0.6s done
#19 writing image sha256:75ff8260d41330c63cc8c70a76cd2b770adda22110b395666ae9a48d044bfb8c done
#19 naming to docker.io/library/desafio-fullstack-pleno-wernher-von-braun-prod-spring_boot_app done
#19 DONE 0.6s

#20 [angular_app internal] load build definition from Dockerfile.angular
#20 transferring dockerfile: 440B done
#20 DONE 0.0s

#21 [angular_app internal] load metadata for docker.io/library/node:18
#21 ...

#22 [angular_app internal] load metadata for docker.io/library/nginx:latest
#22 DONE 0.6s

#21 [angular_app internal] load metadata for docker.io/library/node:18
#21 DONE 0.7s

#23 [angular_app internal] load .dockerignore
#23 transferring context: 2B done
#23 DONE 0.0s

#24 [angular_app node 1/5] FROM docker.io/library/node:18@sha256:b08b1356559e2e9945f47ded630c9eb9d4e3ca04f111ab20d55652442cf14aee
#24 DONE 0.0s

#25 [angular_app stage-1 1/3] FROM docker.io/library/nginx:latest@sha256:a484819eb60211f5299034ac80f6a681b06f89e65866ce91f356ed7c72af059c
#25 DONE 0.0s

#26 [angular_app internal] load build context
#26 transferring context: 806.77MB 2.8s done
#26 DONE 2.8s

#27 [angular_app node 2/5] WORKDIR /app
#27 CACHED

#28 [angular_app node 3/5] COPY ./iot-manager-ui .
#28 CACHED

#29 [angular_app node 4/5] RUN npm i
#29 CACHED

#30 [angular_app node 5/5] RUN npm run build --prod
#30 CACHED

#31 [angular_app stage-1 2/3] RUN rm -rf /usr/share/nginx/html/*
#31 CACHED

#32 [angular_app stage-1 3/3] COPY --from=node /app/dist/iot-manager-ui /usr/share/nginx/html
#32 CACHED

#33 [angular_app] exporting to image
#33 exporting layers done
#33 writing image sha256:a6b5540395575fa6435e549753d4fdecc1c04ba36d1889d43991ff0b6d318b5c done
#33 naming to docker.io/library/desafio-fullstack-pleno-wernher-von-braun-prod-angular_app done
#33 DONE 0.0s
 Network desafio-fullstack-pleno-wernher-von-braun-prod_default  Creating
 Network desafio-fullstack-pleno-wernher-von-braun-prod_default  Created
 Network desafio-fullstack-pleno-wernher-von-braun-prod_net-backend  Creating
 Network desafio-fullstack-pleno-wernher-von-braun-prod_net-backend  Created
 Container db_mysql  Creating
 Container db_mysql  Created
 Container spring_boot_app  Creating
 Container spring_boot_app  Created
 Container angular_app  Creating
 Container angular_app  Created
 Container db_mysql  Starting
 Container db_mysql  Started
 Container spring_boot_app  Starting
 Container spring_boot_app  Started
 Container angular_app  Starting
 Container angular_app  Started
